2023-03-24 07:40:01.8927|FATAL|Microsoft.AspNetCore.Hosting.Diagnostics|Application startup exception|System.InvalidOperationException: Unable to find the required services. Please add all the required services by calling 'IServiceCollection.AddAuthorization' in the application startup code.
   at Microsoft.AspNetCore.Builder.AuthorizationAppBuilderExtensions.VerifyServicesRegistered(IApplicationBuilder app)
   at Microsoft.AspNetCore.Builder.AuthorizationAppBuilderExtensions.UseAuthorization(IApplicationBuilder app)
   at AppContainer.Startup.Configure(IApplicationBuilder app, IWebHostEnvironment env) in C:\Users\ticas\source\repos\Start\AppContainer\Startup.cs:line 29
   at System.RuntimeMethodHandle.InvokeMethod(Object target, Span`1& arguments, Signature sig, Boolean constructor, Boolean wrapExceptions)
   at System.Reflection.RuntimeMethodInfo.Invoke(Object obj, BindingFlags invokeAttr, Binder binder, Object[] parameters, CultureInfo culture)
   at Microsoft.AspNetCore.Hosting.ConfigureBuilder.Invoke(Object instance, IApplicationBuilder builder)
   at Microsoft.AspNetCore.Hosting.ConfigureBuilder.<>c__DisplayClass4_0.<Build>b__0(IApplicationBuilder builder)
   at Microsoft.AspNetCore.Hosting.GenericWebHostBuilder.<>c__DisplayClass15_0.<UseStartup>b__1(IApplicationBuilder app)
   at Microsoft.AspNetCore.Server.IIS.Core.IISServerSetupFilter.<>c__DisplayClass0_0.<Configure>b__0(IApplicationBuilder app)
   at Microsoft.AspNetCore.HostFilteringStartupFilter.<>c__DisplayClass0_0.<Configure>b__0(IApplicationBuilder app)
   at Microsoft.AspNetCore.Hosting.GenericWebHostService.StartAsync(CancellationToken cancellationToken)
2023-03-24 07:40:02.0909|ERROR|AppContainer.Program|App closed unexpectedly!|System.InvalidOperationException: Unable to find the required services. Please add all the required services by calling 'IServiceCollection.AddAuthorization' in the application startup code.
   at Microsoft.AspNetCore.Builder.AuthorizationAppBuilderExtensions.VerifyServicesRegistered(IApplicationBuilder app)
   at Microsoft.AspNetCore.Builder.AuthorizationAppBuilderExtensions.UseAuthorization(IApplicationBuilder app)
   at AppContainer.Startup.Configure(IApplicationBuilder app, IWebHostEnvironment env) in C:\Users\ticas\source\repos\Start\AppContainer\Startup.cs:line 29
   at System.RuntimeMethodHandle.InvokeMethod(Object target, Span`1& arguments, Signature sig, Boolean constructor, Boolean wrapExceptions)
   at System.Reflection.RuntimeMethodInfo.Invoke(Object obj, BindingFlags invokeAttr, Binder binder, Object[] parameters, CultureInfo culture)
   at Microsoft.AspNetCore.Hosting.ConfigureBuilder.Invoke(Object instance, IApplicationBuilder builder)
   at Microsoft.AspNetCore.Hosting.ConfigureBuilder.<>c__DisplayClass4_0.<Build>b__0(IApplicationBuilder builder)
   at Microsoft.AspNetCore.Hosting.GenericWebHostBuilder.<>c__DisplayClass15_0.<UseStartup>b__1(IApplicationBuilder app)
   at Microsoft.AspNetCore.Server.IIS.Core.IISServerSetupFilter.<>c__DisplayClass0_0.<Configure>b__0(IApplicationBuilder app)
   at Microsoft.AspNetCore.HostFilteringStartupFilter.<>c__DisplayClass0_0.<Configure>b__0(IApplicationBuilder app)
   at Microsoft.AspNetCore.Hosting.GenericWebHostService.StartAsync(CancellationToken cancellationToken)
   at Microsoft.Extensions.Hosting.Internal.Host.StartAsync(CancellationToken cancellationToken)
   at Microsoft.Extensions.Hosting.HostingAbstractionsHostExtensions.RunAsync(IHost host, CancellationToken token)
   at Microsoft.Extensions.Hosting.HostingAbstractionsHostExtensions.RunAsync(IHost host, CancellationToken token)
   at Microsoft.Extensions.Hosting.HostingAbstractionsHostExtensions.Run(IHost host)
   at AppContainer.Program.Main(String[] args) in C:\Users\ticas\source\repos\Start\AppContainer\Program.cs:line 21
